2022-07-05 09:35:25(CST) FATAL - main.go::33 log fatal
2022-07-05 09:35:25(CST) ERROR - main.go::36 log error
2022-07-05 11:12:09(CST) FATAL - main.go::31 log fatal
2022-07-05 11:12:09(CST) ERROR - main.go::34 log error
2022-07-05 11:12:09(CST) WARN - main.go::37 log warn
2022-07-05 11:12:09(CST) INFO - main.go::40 log info
2022-07-05 11:12:09(CST) DEBUG - main.go::43 log debug
2022-07-05 11:12:19(CST) FATAL - main.go::31 log fatal
2022-07-05 11:12:19(CST) ERROR - main.go::34 log error
2022-07-05 11:12:19(CST) WARN - main.go::37 log warn
2022-07-05 11:12:19(CST) INFO - main.go::40 log info
2022-07-05 11:12:27(CST) FATAL - main.go::31 log fatal
2022-07-05 11:12:27(CST) ERROR - main.go::34 log error
2022-07-05 11:12:27(CST) WARN - main.go::37 log warn
2022-07-05 11:12:33(CST) FATAL - main.go::31 log fatal
2022-07-05 11:16:25(CST) FATAL - main.go::33 log fatal
2022-07-05 11:16:41(CST) FATAL - main.go::33 log fatal
2022-07-05 11:16:41(CST) ERROR - main.go::36 log error
2022-07-05 11:16:41(CST) WARN - main.go::39 log warn
2022-07-05 11:16:41(CST) INFO - main.go::42 log info
2022-07-05 11:16:41(CST) DEBUG - main.go::45 log debug
